<?xml version="1.0" encoding="UTF-8"?>
<!-- Generated by org.testng.reporters.JUnitReportReporter -->
<testsuite skipped="0" hostname="DESKTOP-KSMF55D" name="co.sgtesting.dataprovidersdemo.Newtest" tests="4" failures="0" timestamp="2021-09-16T13:14:11 IST" time="6.854" errors="0">
  <testcase name="browseer" time="3.132" classname="co.sgtesting.dataprovidersdemo.Newtest"/>
  <system-out/>
  <testcase name="navigation" time="1.652" classname="co.sgtesting.dataprovidersdemo.Newtest"/>
  <system-out/>
  <testcase name="login" time="0.433" classname="co.sgtesting.dataprovidersdemo.Newtest"/>
  <system-out/>
  <testcase name="minimise" time="1.637" classname="co.sgtesting.dataprovidersdemo.Newtest"/>
  <system-out/>
</testsuite> <!-- co.sgtesting.dataprovidersdemo.Newtest -->
